[0105/220851.168:ERROR:directory_reader_win.cc(43)] FindFirstFile: The system cannot find the path specified. (0x3)
[0106/215807.504:ERROR:directory_reader_win.cc(43)] FindFirstFile: The system cannot find the path specified. (0x3)
[0106/225332.886:ERROR:process_memory_win.cc(73)] ReadMemory at 0x7ff65e6e0000 of 64 bytes failed: Only part of a ReadProcessMemory or WriteProcessMemory request was completed. (0x12B)
[0106/225332.887:WARNING:pe_image_reader.cc(340)] could not read dos header from C:\Program Files (x86)\Google\Chrome\Application\chrome.exe
[0106/225332.887:ERROR:process_memory_win.cc(73)] ReadMemory at 0x7fff63cd0000 of 64 bytes failed: Only part of a ReadProcessMemory or WriteProcessMemory request was completed. (0x12B)
[0106/225332.887:WARNING:pe_image_reader.cc(340)] could not read dos header from C:\WINDOWS\SYSTEM32\ntdll.dll
[0106/225332.887:ERROR:process_memory_win.cc(73)] ReadMemory at 0x7fff634a0000 of 64 bytes failed: Only part of a ReadProcessMemory or WriteProcessMemory request was completed. (0x12B)
[0106/225332.887:WARNING:pe_image_reader.cc(340)] could not read dos header from C:\WINDOWS\System32\KERNEL32.DLL
[0106/225332.887:ERROR:process_memory_win.cc(73)] ReadMemory at 0x7fff618a0000 of 64 bytes failed: Only part of a ReadProcessMemory or WriteProcessMemory request was completed. (0x12B)
[0106/225332.887:WARNING:pe_image_reader.cc(340)] could not read dos header from C:\WINDOWS\System32\KERNELBASE.dll
[0106/225332.887:ERROR:process_memory_win.cc(73)] ReadMemory at 0x7fff4cfd0000 of 64 bytes failed: Only part of a ReadProcessMemory or WriteProcessMemory request was completed. (0x12B)
[0106/225332.887:WARNING:pe_image_reader.cc(340)] could not read dos header from C:\Program Files (x86)\Google\Chrome\Application\87.0.4280.88\chrome_elf.dll
[0106/225332.887:ERROR:process_memory_win.cc(73)] ReadMemory at 0x7fff515e0000 of 64 bytes failed: Only part of a ReadProcessMemory or WriteProcessMemory request was completed. (0x12B)
[0106/225332.887:WARNING:pe_image_reader.cc(340)] could not read dos header from C:\WINDOWS\SYSTEM32\VERSION.dll
[0106/225332.887:ERROR:process_memory_win.cc(73)] ReadMemory at 0x7fff62dd0000 of 64 bytes failed: Only part of a ReadProcessMemory or WriteProcessMemory request was completed. (0x12B)
[0106/225332.887:WARNING:pe_image_reader.cc(340)] could not read dos header from C:\WINDOWS\System32\msvcrt.dll
[0106/225332.887:ERROR:process_memory_win.cc(73)] ReadMemory at 0x7fff61f70000 of 64 bytes failed: Only part of a ReadProcessMemory or WriteProcessMemory request was completed. (0x12B)
[0106/225332.887:WARNING:pe_image_reader.cc(340)] could not read dos header from C:\WINDOWS\System32\ADVAPI32.dll
[0106/225332.888:ERROR:process_memory_win.cc(73)] ReadMemory at 0x7fff61d30000 of 64 bytes failed: Only part of a ReadProcessMemory or WriteProcessMemory request was completed. (0x12B)
[0106/225332.888:WARNING:pe_image_reader.cc(340)] could not read dos header from C:\WINDOWS\System32\sechost.dll
[0106/225332.888:ERROR:process_memory_win.cc(73)] ReadMemory at 0x7fff63630000 of 64 bytes failed: Only part of a ReadProcessMemory or WriteProcessMemory request was completed. (0x12B)
[0106/225332.888:WARNING:pe_image_reader.cc(340)] could not read dos header from C:\WINDOWS\System32\RPCRT4.dll
[0106/225332.888:ERROR:process_memory_win.cc(73)] ReadMemory at 0x7ffedfe50000 of 64 bytes failed: Only part of a ReadProcessMemory or WriteProcessMemory request was completed. (0x12B)
[0106/225332.888:WARNING:pe_image_reader.cc(340)] could not read dos header from C:\Program Files (x86)\Google\Chrome\Application\87.0.4280.88\chrome.dll
[0106/225332.888:ERROR:process_memory_win.cc(73)] ReadMemory at 0x7fff63760000 of 64 bytes failed: Only part of a ReadProcessMemory or WriteProcessMemory request was completed. (0x12B)
[0106/225332.888:WARNING:pe_image_reader.cc(340)] could not read dos header from C:\WINDOWS\System32\WS2_32.dll
[0106/225332.888:ERROR:process_memory_win.cc(73)] ReadMemory at 0x1f303020000 of 64 bytes failed: Only part of a ReadProcessMemory or WriteProcessMemory request was completed. (0x12B)
[0106/225332.888:WARNING:pe_image_reader.cc(340)] could not read dos header from C:\WINDOWS\System32\OLEAUT32.dll
[0106/225332.888:ERROR:process_memory_win.cc(73)] ReadMemory at 0x7fff61700000 of 64 bytes failed: Only part of a ReadProcessMemory or WriteProcessMemory request was completed. (0x12B)
[0106/225332.888:WARNING:pe_image_reader.cc(340)] could not read dos header from C:\WINDOWS\System32\msvcp_win.dll
[0106/225332.888:ERROR:process_memory_win.cc(73)] ReadMemory at 0x7fff61410000 of 64 bytes failed: Only part of a ReadProcessMemory or WriteProcessMemory request was completed. (0x12B)
[0106/225332.888:WARNING:pe_image_reader.cc(340)] could not read dos header from C:\WINDOWS\System32\ucrtbase.dll
[0106/225332.888:ERROR:process_memory_win.cc(73)] ReadMemory at 0x7fff638b0000 of 64 bytes failed: Only part of a ReadProcessMemory or WriteProcessMemory request was completed. (0x12B)
[0106/225332.888:WARNING:pe_image_reader.cc(340)] could not read dos header from C:\WINDOWS\System32\combase.dll
[0106/225332.888:ERROR:process_memory_win.cc(73)] ReadMemory at 0x7fff61510000 of 64 bytes failed: Only part of a ReadProcessMemory or WriteProcessMemory request was completed. (0x12B)
[0106/225332.888:WARNING:pe_image_reader.cc(340)] could not read dos header from C:\WINDOWS\System32\WINTRUST.dll
[0106/225332.888:ERROR:process_memory_win.cc(73)] ReadMemory at 0x7fff615a0000 of 64 bytes failed: Only part of a ReadProcessMemory or WriteProcessMemory request was completed. (0x12B)
[0106/225332.888:WARNING:pe_image_reader.cc(340)] could not read dos header from C:\WINDOWS\System32\CRYPT32.dll
[0106/225332.888:ERROR:process_memory_win.cc(73)] ReadMemory at 0x7fff5fa00000 of 64 bytes failed: Only part of a ReadProcessMemory or WriteProcessMemory request was completed. (0x12B)
[0106/225332.888:WARNING:pe_image_reader.cc(340)] could not read dos header from C:\WINDOWS\SYSTEM32\dbghelp.dll
[0106/225332.888:ERROR:process_memory_win.cc(73)] ReadMemory at 0x7fff60820000 of 64 bytes failed: Only part of a ReadProcessMemory or WriteProcessMemory request was completed. (0x12B)
[0106/225332.888:WARNING:pe_image_reader.cc(340)] could not read dos header from C:\WINDOWS\SYSTEM32\IPHLPAPI.DLL
[0106/225332.888:ERROR:process_memory_win.cc(73)] ReadMemory at 0x7fff52f00000 of 64 bytes failed: Only part of a ReadProcessMemory or WriteProcessMemory request was completed. (0x12B)
[0106/225332.888:WARNING:pe_image_reader.cc(340)] could not read dos header from C:\WINDOWS\SYSTEM32\WINMM.dll
[0106/225332.888:ERROR:process_memory_win.cc(73)] ReadMemory at 0x7fff37da0000 of 64 bytes failed: Only part of a ReadProcessMemory or WriteProcessMemory request was completed. (0x12B)
[0106/225332.888:WARNING:pe_image_reader.cc(340)] could not read dos header from C:\WINDOWS\SYSTEM32\UIAutomationCore.DLL
[0106/225332.888:ERROR:process_memory_win.cc(73)] ReadMemory at 0x7fff50780000 of 64 bytes failed: Only part of a ReadProcessMemory or WriteProcessMemory request was completed. (0x12B)
[0106/225332.888:WARNING:pe_image_reader.cc(340)] could not read dos header from C:\WINDOWS\SYSTEM32\Secur32.dll
[0106/225332.888:ERROR:process_memory_win.cc(73)] ReadMemory at 0x7fff61300000 of 64 bytes failed: Only part of a ReadProcessMemory or WriteProcessMemory request was completed. (0x12B)
[0106/225332.888:WARNING:pe_image_reader.cc(340)] could not read dos header from C:\WINDOWS\SYSTEM32\USERENV.dll
[0106/225332.888:ERROR:process_memory_win.cc(73)] ReadMemory at 0x7fff49360000 of 64 bytes failed: Only part of a ReadProcessMemory or WriteProcessMemory request was completed. (0x12B)
[0106/225332.888:WARNING:pe_image_reader.cc(340)] could not read dos header from C:\WINDOWS\SYSTEM32\DWrite.dll
[0106/225332.888:ERROR:process_memory_win.cc(73)] ReadMemory at 0x7fff500a0000 of 64 bytes failed: Only part of a ReadProcessMemory or WriteProcessMemory request was completed. (0x12B)
[0106/225332.888:WARNING:pe_image_reader.cc(340)] could not read dos header from C:\WINDOWS\SYSTEM32\WINSPOOL.DRV
[0106/225332.888:ERROR:process_memory_win.cc(73)] ReadMemory at 0x7fff532b0000 of 64 bytes failed: Only part of a ReadProcessMemory or WriteProcessMemory request was completed. (0x12B)
[0106/225332.888:WARNING:pe_image_reader.cc(340)] could not read dos header from C:\WINDOWS\SYSTEM32\WINHTTP.dll
[0106/225332.888:ERROR:process_memory_win.cc(73)] ReadMemory at 0x7fff55a70000 of 64 bytes failed: Only part of a ReadProcessMemory or WriteProcessMemory request was completed. (0x12B)
[0106/225332.888:WARNING:pe_image_reader.cc(340)] could not read dos header from C:\WINDOWS\SYSTEM32\dhcpcsvc.DLL
[0106/225332.888:ERROR:process_memory_win.cc(73)] ReadMemory at 0x7fff5ccb0000 of 64 bytes failed: Only part of a ReadProcessMemory or WriteProcessMemory request was completed. (0x12B)
[0106/225332.888:WARNING:pe_image_reader.cc(340)] could not read dos header from C:\WINDOWS\SYSTEM32\PROPSYS.dll
[0106/225332.888:ERROR:process_memory_win.cc(73)] ReadMemory at 0x7fff612c0000 of 64 bytes failed: Only part of a ReadProcessMemory or WriteProcessMemory request was completed. (0x12B)
[0106/225332.888:WARNING:pe_image_reader.cc(340)] could not read dos header from C:\WINDOWS\SYSTEM32\SSPICLI.DLL
[0106/225332.888:ERROR:process_memory_win.cc(73)] ReadMemory at 0x7fff60f30000 of 64 bytes failed: Only part of a ReadProcessMemory or WriteProcessMemory request was completed. (0x12B)
[0106/225332.888:WARNING:pe_image_reader.cc(340)] could not read dos header from C:\WINDOWS\System32\MSASN1.dll
[0106/225332.888:ERROR:process_memory_win.cc(73)] ReadMemory at 0x7fff61820000 of 64 bytes failed: Only part of a ReadProcessMemory or WriteProcessMemory request was completed. (0x12B)
[0106/225332.888:WARNING:pe_image_reader.cc(340)] could not read dos header from C:\WINDOWS\System32\bcryptPrimitives.dll
[0106/225332.888:ERROR:process_memory_win.cc(73)] ReadMemory at 0x7fff62670000 of 64 bytes failed: Only part of a ReadProcessMemory or WriteProcessMemory request was completed. (0x12B)
[0106/225332.888:WARNING:pe_image_reader.cc(340)] could not read dos header from C:\WINDOWS\System32\SHELL32.dll
[0106/225332.888:ERROR:process_memory_win.cc(73)] ReadMemory at 0x7fff61dd0000 of 64 bytes failed: Only part of a ReadProcessMemory or WriteProcessMemory request was completed. (0x12B)
[0106/225332.888:WARNING:pe_image_reader.cc(340)] could not read dos header from C:\WINDOWS\System32\USER32.dll
[0106/225332.888:ERROR:process_memory_win.cc(73)] ReadMemory at 0x7fff617f0000 of 64 bytes failed: Only part of a ReadProcessMemory or WriteProcessMemory request was completed. (0x12B)
[0106/225332.888:WARNING:pe_image_reader.cc(340)] could not read dos header from C:\WINDOWS\System32\win32u.dll
[0106/225332.888:ERROR:process_memory_win.cc(73)] ReadMemory at 0x1f3044d0000 of 64 bytes failed: Only part of a ReadProcessMemory or WriteProcessMemory request was completed. (0x12B)
[0106/225332.888:WARNING:pe_image_reader.cc(340)] could not read dos header from C:\WINDOWS\System32\GDI32.dll
[0106/225332.888:ERROR:process_memory_win.cc(73)] ReadMemory at 0x7fff61b70000 of 64 bytes failed: Only part of a ReadProcessMemory or WriteProcessMemory request was completed. (0x12B)
[0106/225332.888:WARNING:pe_image_reader.cc(340)] could not read dos header from C:\WINDOWS\System32\gdi32full.dll
[0106/225332.888:ERROR:process_memory_win.cc(73)] ReadMemory at 0x7fff63880000 of 64 bytes failed: Only part of a ReadProcessMemory or WriteProcessMemory request was completed. (0x12B)
[0106/225332.888:WARNING:pe_image_reader.cc(340)] could not read dos header from C:\WINDOWS\System32\IMM32.DLL
[0106/225332.888:ERROR:process_memory_win.cc(73)] ReadMemory at 0x7fff5f190000 of 64 bytes failed: Only part of a ReadProcessMemory or WriteProcessMemory request was completed. (0x12B)
[0106/225332.888:WARNING:pe_image_reader.cc(340)] could not read dos header from C:\WINDOWS\SYSTEM32\windows.storage.dll
[0106/225332.888:ERROR:process_memory_win.cc(73)] ReadMemory at 0x7fff60db0000 of 64 bytes failed: Only part of a ReadProcessMemory or WriteProcessMemory request was completed. (0x12B)
[0106/225332.888:WARNING:pe_image_reader.cc(340)] could not read dos header from C:\WINDOWS\SYSTEM32\Wldp.dll
[0106/225332.888:ERROR:process_memory_win.cc(73)] ReadMemory at 0x7fff62110000 of 64 bytes failed: Only part of a ReadProcessMemory or WriteProcessMemory request was completed. (0x12B)
[0106/225332.888:WARNING:pe_image_reader.cc(340)] could not read dos header from C:\WINDOWS\System32\SHCORE.dll
[0106/225332.888:ERROR:process_memory_win.cc(73)] ReadMemory at 0x7fff63420000 of 64 bytes failed: Only part of a ReadProcessMemory or WriteProcessMemory request was completed. (0x12B)
[0106/225332.888:WARNING:pe_image_reader.cc(340)] could not read dos header from C:\WINDOWS\System32\shlwapi.dll
[0106/225332.888:ERROR:process_memory_win.cc(73)] ReadMemory at 0x7fff61340000 of 64 bytes failed: Only part of a ReadProcessMemory or WriteProcessMemory request was completed. (0x12B)
[0106/225332.888:WARNING:pe_image_reader.cc(340)] could not read dos header from C:\WINDOWS\SYSTEM32\profapi.dll
[0106/225332.888:ERROR:process_memory_win.cc(73)] ReadMemory at 0x7fff60d20000 of 64 bytes failed: Only part of a ReadProcessMemory or WriteProcessMemory request was completed. (0x12B)
[0106/225332.888:WARNING:pe_image_reader.cc(340)] could not read dos header from C:\WINDOWS\SYSTEM32\CRYPTBASE.DLL
[0106/225332.895:ERROR:process_memory_win.cc(73)] ReadMemory at 0x7ff65e6e0000 of 64 bytes failed: Only part of a ReadProcessMemory or WriteProcessMemory request was completed. (0x12B)
[0106/225332.895:WARNING:pe_image_reader.cc(340)] could not read dos header from C:\Program Files (x86)\Google\Chrome\Application\chrome.exe
[0106/225332.895:ERROR:process_memory_win.cc(73)] ReadMemory at 0x7fff63cd0000 of 64 bytes failed: Only part of a ReadProcessMemory or WriteProcessMemory request was completed. (0x12B)
[0106/225332.895:WARNING:pe_image_reader.cc(340)] could not read dos header from C:\WINDOWS\SYSTEM32\ntdll.dll
[0106/225332.895:ERROR:process_memory_win.cc(73)] ReadMemory at 0x7fff634a0000 of 64 bytes failed: Only part of a ReadProcessMemory or WriteProcessMemory request was completed. (0x12B)
[0106/225332.895:WARNING:pe_image_reader.cc(340)] could not read dos header from C:\WINDOWS\System32\KERNEL32.DLL
[0106/225332.895:ERROR:process_memory_win.cc(73)] ReadMemory at 0x7fff618a0000 of 64 bytes failed: Only part of a ReadProcessMemory or WriteProcessMemory request was completed. (0x12B)
[0106/225332.895:WARNING:pe_image_reader.cc(340)] could not read dos header from C:\WINDOWS\System32\KERNELBASE.dll
[0106/225332.895:ERROR:process_memory_win.cc(73)] ReadMemory at 0x7fff4cfd0000 of 64 bytes failed: Only part of a ReadProcessMemory or WriteProcessMemory request was completed. (0x12B)
[0106/225332.895:WARNING:pe_image_reader.cc(340)] could not read dos header from C:\Program Files (x86)\Google\Chrome\Application\87.0.4280.88\chrome_elf.dll
[0106/225332.895:ERROR:process_memory_win.cc(73)] ReadMemory at 0x7fff515e0000 of 64 bytes failed: Only part of a ReadProcessMemory or WriteProcessMemory request was completed. (0x12B)
[0106/225332.895:WARNING:pe_image_reader.cc(340)] could not read dos header from C:\WINDOWS\SYSTEM32\VERSION.dll
[0106/225332.895:ERROR:process_memory_win.cc(73)] ReadMemory at 0x7fff62dd0000 of 64 bytes failed: Only part of a ReadProcessMemory or WriteProcessMemory request was completed. (0x12B)
[0106/225332.895:WARNING:pe_image_reader.cc(340)] could not read dos header from C:\WINDOWS\System32\msvcrt.dll
[0106/225332.895:ERROR:process_memory_win.cc(73)] ReadMemory at 0x7fff61f70000 of 64 bytes failed: Only part of a ReadProcessMemory or WriteProcessMemory request was completed. (0x12B)
[0106/225332.895:WARNING:pe_image_reader.cc(340)] could not read dos header from C:\WINDOWS\System32\ADVAPI32.dll
[0106/225332.895:ERROR:process_memory_win.cc(73)] ReadMemory at 0x7fff61d30000 of 64 bytes failed: Only part of a ReadProcessMemory or WriteProcessMemory request was completed. (0x12B)
[0106/225332.895:WARNING:pe_image_reader.cc(340)] could not read dos header from C:\WINDOWS\System32\sechost.dll
[0106/225332.895:ERROR:process_memory_win.cc(73)] ReadMemory at 0x7fff63630000 of 64 bytes failed: Only part of a ReadProcessMemory or WriteProcessMemory request was completed. (0x12B)
[0106/225332.895:WARNING:pe_image_reader.cc(340)] could not read dos header from C:\WINDOWS\System32\RPCRT4.dll
[0106/225332.895:ERROR:process_memory_win.cc(73)] ReadMemory at 0x7ffedfe50000 of 64 bytes failed: Only part of a ReadProcessMemory or WriteProcessMemory request was completed. (0x12B)
[0106/225332.895:WARNING:pe_image_reader.cc(340)] could not read dos header from C:\Program Files (x86)\Google\Chrome\Application\87.0.4280.88\chrome.dll
[0106/225332.895:ERROR:process_memory_win.cc(73)] ReadMemory at 0x7fff63760000 of 64 bytes failed: Only part of a ReadProcessMemory or WriteProcessMemory request was completed. (0x12B)
[0106/225332.895:WARNING:pe_image_reader.cc(340)] could not read dos header from C:\WINDOWS\System32\WS2_32.dll
[0106/225332.895:ERROR:process_memory_win.cc(73)] ReadMemory at 0x1f303020000 of 64 bytes failed: Only part of a ReadProcessMemory or WriteProcessMemory request was completed. (0x12B)
[0106/225332.895:WARNING:pe_image_reader.cc(340)] could not read dos header from C:\WINDOWS\System32\OLEAUT32.dll
[0106/225332.895:ERROR:process_memory_win.cc(73)] ReadMemory at 0x7fff61700000 of 64 bytes failed: Only part of a ReadProcessMemory or WriteProcessMemory request was completed. (0x12B)
[0106/225332.895:WARNING:pe_image_reader.cc(340)] could not read dos header from C:\WINDOWS\System32\msvcp_win.dll
[0106/225332.895:ERROR:process_memory_win.cc(73)] ReadMemory at 0x7fff61410000 of 64 bytes failed: Only part of a ReadProcessMemory or WriteProcessMemory request was completed. (0x12B)
[0106/225332.895:WARNING:pe_image_reader.cc(340)] could not read dos header from C:\WINDOWS\System32\ucrtbase.dll
[0106/225332.895:ERROR:process_memory_win.cc(73)] ReadMemory at 0x7fff638b0000 of 64 bytes failed: Only part of a ReadProcessMemory or WriteProcessMemory request was completed. (0x12B)
[0106/225332.895:WARNING:pe_image_reader.cc(340)] could not read dos header from C:\WINDOWS\System32\combase.dll
[0106/225332.895:ERROR:process_memory_win.cc(73)] ReadMemory at 0x7fff61510000 of 64 bytes failed: Only part of a ReadProcessMemory or WriteProcessMemory request was completed. (0x12B)
[0106/225332.895:WARNING:pe_image_reader.cc(340)] could not read dos header from C:\WINDOWS\System32\WINTRUST.dll
[0106/225332.895:ERROR:process_memory_win.cc(73)] ReadMemory at 0x7fff615a0000 of 64 bytes failed: Only part of a ReadProcessMemory or WriteProcessMemory request was completed. (0x12B)
[0106/225332.895:WARNING:pe_image_reader.cc(340)] could not read dos header from C:\WINDOWS\System32\CRYPT32.dll
[0106/225332.895:ERROR:process_memory_win.cc(73)] ReadMemory at 0x7fff5fa00000 of 64 bytes failed: Only part of a ReadProcessMemory or WriteProcessMemory request was completed. (0x12B)
[0106/225332.895:WARNING:pe_image_reader.cc(340)] could not read dos header from C:\WINDOWS\SYSTEM32\dbghelp.dll
[0106/225332.895:ERROR:process_memory_win.cc(73)] ReadMemory at 0x7fff60820000 of 64 bytes failed: Only part of a ReadProcessMemory or WriteProcessMemory request was completed. (0x12B)
[0106/225332.895:WARNING:pe_image_reader.cc(340)] could not read dos header from C:\WINDOWS\SYSTEM32\IPHLPAPI.DLL
[0106/225332.895:ERROR:process_memory_win.cc(73)] ReadMemory at 0x7fff52f00000 of 64 bytes failed: Only part of a ReadProcessMemory or WriteProcessMemory request was completed. (0x12B)
[0106/225332.895:WARNING:pe_image_reader.cc(340)] could not read dos header from C:\WINDOWS\SYSTEM32\WINMM.dll
[0106/225332.895:ERROR:process_memory_win.cc(73)] ReadMemory at 0x7fff37da0000 of 64 bytes failed: Only part of a ReadProcessMemory or WriteProcessMemory request was completed. (0x12B)
[0106/225332.895:WARNING:pe_image_reader.cc(340)] could not read dos header from C:\WINDOWS\SYSTEM32\UIAutomationCore.DLL
[0106/225332.895:ERROR:process_memory_win.cc(73)] ReadMemory at 0x7fff50780000 of 64 bytes failed: Only part of a ReadProcessMemory or WriteProcessMemory request was completed. (0x12B)
[0106/225332.895:WARNING:pe_image_reader.cc(340)] could not read dos header from C:\WINDOWS\SYSTEM32\Secur32.dll
[0106/225332.895:ERROR:process_memory_win.cc(73)] ReadMemory at 0x7fff61300000 of 64 bytes failed: Only part of a ReadProcessMemory or WriteProcessMemory request was completed. (0x12B)
[0106/225332.895:WARNING:pe_image_reader.cc(340)] could not read dos header from C:\WINDOWS\SYSTEM32\USERENV.dll
[0106/225332.895:ERROR:process_memory_win.cc(73)] ReadMemory at 0x7fff49360000 of 64 bytes failed: Only part of a ReadProcessMemory or WriteProcessMemory request was completed. (0x12B)
[0106/225332.895:WARNING:pe_image_reader.cc(340)] could not read dos header from C:\WINDOWS\SYSTEM32\DWrite.dll
[0106/225332.895:ERROR:process_memory_win.cc(73)] ReadMemory at 0x7fff500a0000 of 64 bytes failed: Only part of a ReadProcessMemory or WriteProcessMemory request was completed. (0x12B)
[0106/225332.895:WARNING:pe_image_reader.cc(340)] could not read dos header from C:\WINDOWS\SYSTEM32\WINSPOOL.DRV
[0106/225332.895:ERROR:process_memory_win.cc(73)] ReadMemory at 0x7fff532b0000 of 64 bytes failed: Only part of a ReadProcessMemory or WriteProcessMemory request was completed. (0x12B)
[0106/225332.895:WARNING:pe_image_reader.cc(340)] could not read dos header from C:\WINDOWS\SYSTEM32\WINHTTP.dll
[0106/225332.898:ERROR:process_memory_win.cc(73)] ReadMemory at 0x7fff55a70000 of 64 bytes failed: Only part of a ReadProcessMemory or WriteProcessMemory request was completed. (0x12B)
[0106/225332.898:WARNING:pe_image_reader.cc(340)] could not read dos header from C:\WINDOWS\SYSTEM32\dhcpcsvc.DLL
[0106/225332.898:ERROR:process_memory_win.cc(73)] ReadMemory at 0x7fff5ccb0000 of 64 bytes failed: Only part of a ReadProcessMemory or WriteProcessMemory request was completed. (0x12B)
[0106/225332.898:WARNING:pe_image_reader.cc(340)] could not read dos header from C:\WINDOWS\SYSTEM32\PROPSYS.dll
[0106/225332.898:ERROR:process_memory_win.cc(73)] ReadMemory at 0x7fff612c0000 of 64 bytes failed: Only part of a ReadProcessMemory or WriteProcessMemory request was completed. (0x12B)
[0106/225332.898:WARNING:pe_image_reader.cc(340)] could not read dos header from C:\WINDOWS\SYSTEM32\SSPICLI.DLL
[0106/225332.898:ERROR:process_memory_win.cc(73)] ReadMemory at 0x7fff60f30000 of 64 bytes failed: Only part of a ReadProcessMemory or WriteProcessMemory request was completed. (0x12B)
[0106/225332.898:WARNING:pe_image_reader.cc(340)] could not read dos header from C:\WINDOWS\System32\MSASN1.dll
[0106/225332.898:ERROR:process_memory_win.cc(73)] ReadMemory at 0x7fff61820000 of 64 bytes failed: Only part of a ReadProcessMemory or WriteProcessMemory request was completed. (0x12B)
[0106/225332.898:WARNING:pe_image_reader.cc(340)] could not read dos header from C:\WINDOWS\System32\bcryptPrimitives.dll
[0106/225332.898:ERROR:process_memory_win.cc(73)] ReadMemory at 0x7fff62670000 of 64 bytes failed: Only part of a ReadProcessMemory or WriteProcessMemory request was completed. (0x12B)
[0106/225332.898:WARNING:pe_image_reader.cc(340)] could not read dos header from C:\WINDOWS\System32\SHELL32.dll
[0106/225332.898:ERROR:process_memory_win.cc(73)] ReadMemory at 0x7fff61dd0000 of 64 bytes failed: Only part of a ReadProcessMemory or WriteProcessMemory request was completed. (0x12B)
[0106/225332.898:WARNING:pe_image_reader.cc(340)] could not read dos header from C:\WINDOWS\System32\USER32.dll
[0106/225332.898:ERROR:process_memory_win.cc(73)] ReadMemory at 0x7fff617f0000 of 64 bytes failed: Only part of a ReadProcessMemory or WriteProcessMemory request was completed. (0x12B)
[0106/225332.898:WARNING:pe_image_reader.cc(340)] could not read dos header from C:\WINDOWS\System32\win32u.dll
[0106/225332.898:ERROR:process_memory_win.cc(73)] ReadMemory at 0x1f3044d0000 of 64 bytes failed: Only part of a ReadProcessMemory or WriteProcessMemory request was completed. (0x12B)
[0106/225332.898:WARNING:pe_image_reader.cc(340)] could not read dos header from C:\WINDOWS\System32\GDI32.dll
[0106/225332.898:ERROR:process_memory_win.cc(73)] ReadMemory at 0x7fff61b70000 of 64 bytes failed: Only part of a ReadProcessMemory or WriteProcessMemory request was completed. (0x12B)
[0106/225332.898:WARNING:pe_image_reader.cc(340)] could not read dos header from C:\WINDOWS\System32\gdi32full.dll
[0106/225332.898:ERROR:process_memory_win.cc(73)] ReadMemory at 0x7fff63880000 of 64 bytes failed: Only part of a ReadProcessMemory or WriteProcessMemory request was completed. (0x12B)
[0106/225332.898:WARNING:pe_image_reader.cc(340)] could not read dos header from C:\WINDOWS\System32\IMM32.DLL
[0106/225332.898:ERROR:process_memory_win.cc(73)] ReadMemory at 0x7fff5f190000 of 64 bytes failed: Only part of a ReadProcessMemory or WriteProcessMemory request was completed. (0x12B)
[0106/225332.898:WARNING:pe_image_reader.cc(340)] could not read dos header from C:\WINDOWS\SYSTEM32\windows.storage.dll
[0106/225332.898:ERROR:process_memory_win.cc(73)] ReadMemory at 0x7fff60db0000 of 64 bytes failed: Only part of a ReadProcessMemory or WriteProcessMemory request was completed. (0x12B)
[0106/225332.898:WARNING:pe_image_reader.cc(340)] could not read dos header from C:\WINDOWS\SYSTEM32\Wldp.dll
[0106/225332.899:ERROR:process_memory_win.cc(73)] ReadMemory at 0x7fff62110000 of 64 bytes failed: Only part of a ReadProcessMemory or WriteProcessMemory request was completed. (0x12B)
[0106/225332.899:WARNING:pe_image_reader.cc(340)] could not read dos header from C:\WINDOWS\System32\SHCORE.dll
[0106/225332.899:ERROR:process_memory_win.cc(73)] ReadMemory at 0x7fff63420000 of 64 bytes failed: Only part of a ReadProcessMemory or WriteProcessMemory request was completed. (0x12B)
[0106/225332.899:WARNING:pe_image_reader.cc(340)] could not read dos header from C:\WINDOWS\System32\shlwapi.dll
[0106/225332.899:ERROR:process_memory_win.cc(73)] ReadMemory at 0x7fff61340000 of 64 bytes failed: Only part of a ReadProcessMemory or WriteProcessMemory request was completed. (0x12B)
[0106/225332.900:WARNING:pe_image_reader.cc(340)] could not read dos header from C:\WINDOWS\SYSTEM32\profapi.dll
[0106/225332.900:ERROR:process_memory_win.cc(73)] ReadMemory at 0x7fff60d20000 of 64 bytes failed: Only part of a ReadProcessMemory or WriteProcessMemory request was completed. (0x12B)
[0106/225332.900:WARNING:pe_image_reader.cc(340)] could not read dos header from C:\WINDOWS\SYSTEM32\CRYPTBASE.DLL
[0106/225332.900:ERROR:process_memory_win.cc(73)] ReadMemory at 0x7ff65e6e0000 of 64 bytes failed: Only part of a ReadProcessMemory or WriteProcessMemory request was completed. (0x12B)
[0106/225332.900:WARNING:pe_image_reader.cc(340)] could not read dos header from C:\Program Files (x86)\Google\Chrome\Application\chrome.exe
[0106/225332.900:ERROR:process_memory_win.cc(73)] ReadMemory at 0x7fff63cd0000 of 64 bytes failed: Only part of a ReadProcessMemory or WriteProcessMemory request was completed. (0x12B)
[0106/225332.900:WARNING:pe_image_reader.cc(340)] could not read dos header from C:\WINDOWS\SYSTEM32\ntdll.dll
[0106/225332.900:ERROR:process_memory_win.cc(73)] ReadMemory at 0x7fff634a0000 of 64 bytes failed: Only part of a ReadProcessMemory or WriteProcessMemory request was completed. (0x12B)
[0106/225332.900:WARNING:pe_image_reader.cc(340)] could not read dos header from C:\WINDOWS\System32\KERNEL32.DLL
[0106/225332.900:ERROR:process_memory_win.cc(73)] ReadMemory at 0x7fff618a0000 of 64 bytes failed: Only part of a ReadProcessMemory or WriteProcessMemory request was completed. (0x12B)
[0106/225332.900:WARNING:pe_image_reader.cc(340)] could not read dos header from C:\WINDOWS\System32\KERNELBASE.dll
[0106/225332.900:ERROR:process_memory_win.cc(73)] ReadMemory at 0x7fff4cfd0000 of 64 bytes failed: Only part of a ReadProcessMemory or WriteProcessMemory request was completed. (0x12B)
[0106/225332.900:WARNING:pe_image_reader.cc(340)] could not read dos header from C:\Program Files (x86)\Google\Chrome\Application\87.0.4280.88\chrome_elf.dll
[0106/225332.900:ERROR:process_memory_win.cc(73)] ReadMemory at 0x7fff515e0000 of 64 bytes failed: Only part of a ReadProcessMemory or WriteProcessMemory request was completed. (0x12B)
[0106/225332.900:WARNING:pe_image_reader.cc(340)] could not read dos header from C:\WINDOWS\SYSTEM32\VERSION.dll
[0106/225332.900:ERROR:process_memory_win.cc(73)] ReadMemory at 0x7fff62dd0000 of 64 bytes failed: Only part of a ReadProcessMemory or WriteProcessMemory request was completed. (0x12B)
[0106/225332.900:WARNING:pe_image_reader.cc(340)] could not read dos header from C:\WINDOWS\System32\msvcrt.dll
[0106/225332.900:ERROR:process_memory_win.cc(73)] ReadMemory at 0x7fff61f70000 of 64 bytes failed: Only part of a ReadProcessMemory or WriteProcessMemory request was completed. (0x12B)
[0106/225332.900:WARNING:pe_image_reader.cc(340)] could not read dos header from C:\WINDOWS\System32\ADVAPI32.dll
[0106/225332.900:ERROR:process_memory_win.cc(73)] ReadMemory at 0x7fff61d30000 of 64 bytes failed: Only part of a ReadProcessMemory or WriteProcessMemory request was completed. (0x12B)
[0106/225332.900:WARNING:pe_image_reader.cc(340)] could not read dos header from C:\WINDOWS\System32\sechost.dll
[0106/225332.900:ERROR:process_memory_win.cc(73)] ReadMemory at 0x7fff63630000 of 64 bytes failed: Only part of a ReadProcessMemory or WriteProcessMemory request was completed. (0x12B)
[0106/225332.900:WARNING:pe_image_reader.cc(340)] could not read dos header from C:\WINDOWS\System32\RPCRT4.dll
[0106/225332.900:ERROR:process_memory_win.cc(73)] ReadMemory at 0x7ffedfe50000 of 64 bytes failed: Only part of a ReadProcessMemory or WriteProcessMemory request was completed. (0x12B)
[0106/225332.900:WARNING:pe_image_reader.cc(340)] could not read dos header from C:\Program Files (x86)\Google\Chrome\Application\87.0.4280.88\chrome.dll
[0106/225332.900:ERROR:process_memory_win.cc(73)] ReadMemory at 0x7fff63760000 of 64 bytes failed: Only part of a ReadProcessMemory or WriteProcessMemory request was completed. (0x12B)
[0106/225332.900:WARNING:pe_image_reader.cc(340)] could not read dos header from C:\WINDOWS\System32\WS2_32.dll
[0106/225332.900:ERROR:process_memory_win.cc(73)] ReadMemory at 0x1f303020000 of 64 bytes failed: Only part of a ReadProcessMemory or WriteProcessMemory request was completed. (0x12B)
[0106/225332.900:WARNING:pe_image_reader.cc(340)] could not read dos header from C:\WINDOWS\System32\OLEAUT32.dll
[0106/225332.900:ERROR:process_memory_win.cc(73)] ReadMemory at 0x7fff61700000 of 64 bytes failed: Only part of a ReadProcessMemory or WriteProcessMemory request was completed. (0x12B)
[0106/225332.900:WARNING:pe_image_reader.cc(340)] could not read dos header from C:\WINDOWS\System32\msvcp_win.dll
[0106/225332.900:ERROR:process_memory_win.cc(73)] ReadMemory at 0x7fff61410000 of 64 bytes failed: Only part of a ReadProcessMemory or WriteProcessMemory request was completed. (0x12B)
[0106/225332.900:WARNING:pe_image_reader.cc(340)] could not read dos header from C:\WINDOWS\System32\ucrtbase.dll
[0106/225332.901:ERROR:process_memory_win.cc(73)] ReadMemory at 0x7fff638b0000 of 64 bytes failed: Only part of a ReadProcessMemory or WriteProcessMemory request was completed. (0x12B)
[0106/225332.901:WARNING:pe_image_reader.cc(340)] could not read dos header from C:\WINDOWS\System32\combase.dll
[0106/225332.901:ERROR:process_memory_win.cc(73)] ReadMemory at 0x7fff61510000 of 64 bytes failed: Only part of a ReadProcessMemory or WriteProcessMemory request was completed. (0x12B)
[0106/225332.901:WARNING:pe_image_reader.cc(340)] could not read dos header from C:\WINDOWS\System32\WINTRUST.dll
[0106/225332.901:ERROR:process_memory_win.cc(73)] ReadMemory at 0x7fff615a0000 of 64 bytes failed: Only part of a ReadProcessMemory or WriteProcessMemory request was completed. (0x12B)
[0106/225332.901:WARNING:pe_image_reader.cc(340)] could not read dos header from C:\WINDOWS\System32\CRYPT32.dll
[0106/225332.901:ERROR:process_memory_win.cc(73)] ReadMemory at 0x7fff5fa00000 of 64 bytes failed: Only part of a ReadProcessMemory or WriteProcessMemory request was completed. (0x12B)
[0106/225332.901:WARNING:pe_image_reader.cc(340)] could not read dos header from C:\WINDOWS\SYSTEM32\dbghelp.dll
[0106/225332.901:ERROR:process_memory_win.cc(73)] ReadMemory at 0x7fff60820000 of 64 bytes failed: Only part of a ReadProcessMemory or WriteProcessMemory request was completed. (0x12B)
[0106/225332.901:WARNING:pe_image_reader.cc(340)] could not read dos header from C:\WINDOWS\SYSTEM32\IPHLPAPI.DLL
[0106/225332.901:ERROR:process_memory_win.cc(73)] ReadMemory at 0x7fff52f00000 of 64 bytes failed: Only part of a ReadProcessMemory or WriteProcessMemory request was completed. (0x12B)
[0106/225332.901:WARNING:pe_image_reader.cc(340)] could not read dos header from C:\WINDOWS\SYSTEM32\WINMM.dll
[0106/225332.901:ERROR:process_memory_win.cc(73)] ReadMemory at 0x7fff37da0000 of 64 bytes failed: Only part of a ReadProcessMemory or WriteProcessMemory request was completed. (0x12B)
[0106/225332.901:WARNING:pe_image_reader.cc(340)] could not read dos header from C:\WINDOWS\SYSTEM32\UIAutomationCore.DLL
[0106/225332.901:ERROR:process_memory_win.cc(73)] ReadMemory at 0x7fff50780000 of 64 bytes failed: Only part of a ReadProcessMemory or WriteProcessMemory request was completed. (0x12B)
[0106/225332.901:WARNING:pe_image_reader.cc(340)] could not read dos header from C:\WINDOWS\SYSTEM32\Secur32.dll
[0106/225332.901:ERROR:process_memory_win.cc(73)] ReadMemory at 0x7fff61300000 of 64 bytes failed: Only part of a ReadProcessMemory or WriteProcessMemory request was completed. (0x12B)
[0106/225332.901:WARNING:pe_image_reader.cc(340)] could not read dos header from C:\WINDOWS\SYSTEM32\USERENV.dll
[0106/225332.901:ERROR:process_memory_win.cc(73)] ReadMemory at 0x7fff49360000 of 64 bytes failed: Only part of a ReadProcessMemory or WriteProcessMemory request was completed. (0x12B)
[0106/225332.901:WARNING:pe_image_reader.cc(340)] could not read dos header from C:\WINDOWS\SYSTEM32\DWrite.dll
[0106/225332.901:ERROR:process_memory_win.cc(73)] ReadMemory at 0x7fff500a0000 of 64 bytes failed: Only part of a ReadProcessMemory or WriteProcessMemory request was completed. (0x12B)
[0106/225332.901:WARNING:pe_image_reader.cc(340)] could not read dos header from C:\WINDOWS\SYSTEM32\WINSPOOL.DRV
[0106/225332.901:ERROR:process_memory_win.cc(73)] ReadMemory at 0x7fff532b0000 of 64 bytes failed: Only part of a ReadProcessMemory or WriteProcessMemory request was completed. (0x12B)
[0106/225332.901:WARNING:pe_image_reader.cc(340)] could not read dos header from C:\WINDOWS\SYSTEM32\WINHTTP.dll
[0106/225332.901:ERROR:process_memory_win.cc(73)] ReadMemory at 0x7fff55a70000 of 64 bytes failed: Only part of a ReadProcessMemory or WriteProcessMemory request was completed. (0x12B)
[0106/225332.901:WARNING:pe_image_reader.cc(340)] could not read dos header from C:\WINDOWS\SYSTEM32\dhcpcsvc.DLL
[0106/225332.901:ERROR:process_memory_win.cc(73)] ReadMemory at 0x7fff5ccb0000 of 64 bytes failed: Only part of a ReadProcessMemory or WriteProcessMemory request was completed. (0x12B)
[0106/225332.901:WARNING:pe_image_reader.cc(340)] could not read dos header from C:\WINDOWS\SYSTEM32\PROPSYS.dll
[0106/225332.901:ERROR:process_memory_win.cc(73)] ReadMemory at 0x7fff612c0000 of 64 bytes failed: Only part of a ReadProcessMemory or WriteProcessMemory request was completed. (0x12B)
[0106/225332.901:WARNING:pe_image_reader.cc(340)] could not read dos header from C:\WINDOWS\SYSTEM32\SSPICLI.DLL
[0106/225332.901:ERROR:process_memory_win.cc(73)] ReadMemory at 0x7fff60f30000 of 64 bytes failed: Only part of a ReadProcessMemory or WriteProcessMemory request was completed. (0x12B)
[0106/225332.901:WARNING:pe_image_reader.cc(340)] could not read dos header from C:\WINDOWS\System32\MSASN1.dll
[0106/225332.901:ERROR:process_memory_win.cc(73)] ReadMemory at 0x7fff61820000 of 64 bytes failed: Only part of a ReadProcessMemory or WriteProcessMemory request was completed. (0x12B)
[0106/225332.901:WARNING:pe_image_reader.cc(340)] could not read dos header from C:\WINDOWS\System32\bcryptPrimitives.dll
[0106/225332.901:ERROR:process_memory_win.cc(73)] ReadMemory at 0x7fff62670000 of 64 bytes failed: Only part of a ReadProcessMemory or WriteProcessMemory request was completed. (0x12B)
[0106/225332.901:WARNING:pe_image_reader.cc(340)] could not read dos header from C:\WINDOWS\System32\SHELL32.dll
[0106/225332.901:ERROR:process_memory_win.cc(73)] ReadMemory at 0x7fff61dd0000 of 64 bytes failed: Only part of a ReadProcessMemory or WriteProcessMemory request was completed. (0x12B)
[0106/225332.901:WARNING:pe_image_reader.cc(340)] could not read dos header from C:\WINDOWS\System32\USER32.dll
[0106/225332.902:ERROR:process_memory_win.cc(73)] ReadMemory at 0x7fff617f0000 of 64 bytes failed: Only part of a ReadProcessMemory or WriteProcessMemory request was completed. (0x12B)
[0106/225332.902:WARNING:pe_image_reader.cc(340)] could not read dos header from C:\WINDOWS\System32\win32u.dll
[0106/225332.902:ERROR:process_memory_win.cc(73)] ReadMemory at 0x1f3044d0000 of 64 bytes failed: Only part of a ReadProcessMemory or WriteProcessMemory request was completed. (0x12B)
[0106/225332.902:WARNING:pe_image_reader.cc(340)] could not read dos header from C:\WINDOWS\System32\GDI32.dll
[0106/225332.902:ERROR:process_memory_win.cc(73)] ReadMemory at 0x7fff61b70000 of 64 bytes failed: Only part of a ReadProcessMemory or WriteProcessMemory request was completed. (0x12B)
[0106/225332.902:WARNING:pe_image_reader.cc(340)] could not read dos header from C:\WINDOWS\System32\gdi32full.dll
[0106/225332.902:ERROR:process_memory_win.cc(73)] ReadMemory at 0x7fff63880000 of 64 bytes failed: Only part of a ReadProcessMemory or WriteProcessMemory request was completed. (0x12B)
[0106/225332.902:WARNING:pe_image_reader.cc(340)] could not read dos header from C:\WINDOWS\System32\IMM32.DLL
[0106/225332.902:ERROR:process_memory_win.cc(73)] ReadMemory at 0x7fff5f190000 of 64 bytes failed: Only part of a ReadProcessMemory or WriteProcessMemory request was completed. (0x12B)
[0106/225332.902:WARNING:pe_image_reader.cc(340)] could not read dos header from C:\WINDOWS\SYSTEM32\windows.storage.dll
[0106/225332.902:ERROR:process_memory_win.cc(73)] ReadMemory at 0x7fff60db0000 of 64 bytes failed: Only part of a ReadProcessMemory or WriteProcessMemory request was completed. (0x12B)
[0106/225332.902:WARNING:pe_image_reader.cc(340)] could not read dos header from C:\WINDOWS\SYSTEM32\Wldp.dll
[0106/225332.902:ERROR:process_memory_win.cc(73)] ReadMemory at 0x7fff62110000 of 64 bytes failed: Only part of a ReadProcessMemory or WriteProcessMemory request was completed. (0x12B)
[0106/225332.902:WARNING:pe_image_reader.cc(340)] could not read dos header from C:\WINDOWS\System32\SHCORE.dll
[0106/225332.902:ERROR:process_memory_win.cc(73)] ReadMemory at 0x7fff63420000 of 64 bytes failed: Only part of a ReadProcessMemory or WriteProcessMemory request was completed. (0x12B)
[0106/225332.902:WARNING:pe_image_reader.cc(340)] could not read dos header from C:\WINDOWS\System32\shlwapi.dll
[0106/225332.902:ERROR:process_memory_win.cc(73)] ReadMemory at 0x7fff61340000 of 64 bytes failed: Only part of a ReadProcessMemory or WriteProcessMemory request was completed. (0x12B)
[0106/225332.902:WARNING:pe_image_reader.cc(340)] could not read dos header from C:\WINDOWS\SYSTEM32\profapi.dll
[0106/225332.902:ERROR:process_memory_win.cc(73)] ReadMemory at 0x7fff60d20000 of 64 bytes failed: Only part of a ReadProcessMemory or WriteProcessMemory request was completed. (0x12B)
[0106/225332.902:WARNING:pe_image_reader.cc(340)] could not read dos header from C:\WINDOWS\SYSTEM32\CRYPTBASE.DLL
[0106/225332.912:ERROR:process_memory_win.cc(73)] ReadMemory at 0x1dff1e7000 of 102400 bytes failed: Only part of a ReadProcessMemory or WriteProcessMemory request was completed. (0x12B)
[0106/225332.912:ERROR:process_memory_win.cc(73)] ReadMemory at 0x1dff9fe000 of 8192 bytes failed: Only part of a ReadProcessMemory or WriteProcessMemory request was completed. (0x12B)
[0106/225332.912:ERROR:process_memory_win.cc(73)] ReadMemory at 0x1d807fa000 of 24576 bytes failed: Only part of a ReadProcessMemory or WriteProcessMemory request was completed. (0x12B)
[0106/225332.912:ERROR:process_memory_win.cc(73)] ReadMemory at 0x1d80ffe000 of 8192 bytes failed: Only part of a ReadProcessMemory or WriteProcessMemory request was completed. (0x12B)
[0106/225332.912:ERROR:process_memory_win.cc(73)] ReadMemory at 0x1d817fd000 of 12288 bytes failed: Only part of a ReadProcessMemory or WriteProcessMemory request was completed. (0x12B)
[0106/225332.912:ERROR:process_memory_win.cc(73)] ReadMemory at 0x1d81fff000 of 4096 bytes failed: Only part of a ReadProcessMemory or WriteProcessMemory request was completed. (0x12B)
[0106/225332.912:ERROR:process_memory_win.cc(73)] ReadMemory at 0x1d827fe000 of 8192 bytes failed: Only part of a ReadProcessMemory or WriteProcessMemory request was completed. (0x12B)
[0106/225332.912:ERROR:process_memory_win.cc(73)] ReadMemory at 0x1d837fd000 of 12288 bytes failed: Only part of a ReadProcessMemory or WriteProcessMemory request was completed. (0x12B)
[0106/225332.912:ERROR:process_memory_win.cc(73)] ReadMemory at 0x1d83ffe000 of 8192 bytes failed: Only part of a ReadProcessMemory or WriteProcessMemory request was completed. (0x12B)
[0106/225332.912:ERROR:process_memory_win.cc(73)] ReadMemory at 0x1d847fe000 of 8192 bytes failed: Only part of a ReadProcessMemory or WriteProcessMemory request was completed. (0x12B)
[0106/225332.912:ERROR:process_memory_win.cc(73)] ReadMemory at 0x1d84ffe000 of 8192 bytes failed: Only part of a ReadProcessMemory or WriteProcessMemory request was completed. (0x12B)
[0106/225332.912:ERROR:process_memory_win.cc(73)] ReadMemory at 0x1d857fe000 of 8192 bytes failed: Only part of a ReadProcessMemory or WriteProcessMemory request was completed. (0x12B)
[0106/225332.912:ERROR:process_memory_win.cc(73)] ReadMemory at 0x1d82ffa000 of 24576 bytes failed: Only part of a ReadProcessMemory or WriteProcessMemory request was completed. (0x12B)
[0106/225332.912:ERROR:process_memory_win.cc(73)] ReadMemory at 0x1d85ffa000 of 24576 bytes failed: Only part of a ReadProcessMemory or WriteProcessMemory request was completed. (0x12B)
[0106/225332.912:ERROR:process_memory_win.cc(73)] ReadMemory at 0x1dfe82b000 of 852 bytes failed: Only part of a ReadProcessMemory or WriteProcessMemory request was completed. (0x12B)
[0106/225332.912:ERROR:process_memory_win.cc(73)] ReadMemory at 0x1dfe82c000 of 6024 bytes failed: Only part of a ReadProcessMemory or WriteProcessMemory request was completed. (0x12B)
[0106/225332.912:ERROR:process_memory_win.cc(73)] ReadMemory at 0x1dfe82e000 of 6024 bytes failed: Only part of a ReadProcessMemory or WriteProcessMemory request was completed. (0x12B)
[0106/225332.912:ERROR:process_memory_win.cc(73)] ReadMemory at 0x1dfe830000 of 6024 bytes failed: Only part of a ReadProcessMemory or WriteProcessMemory request was completed. (0x12B)
[0106/225332.912:ERROR:process_memory_win.cc(73)] ReadMemory at 0x1dfe832000 of 6024 bytes failed: Only part of a ReadProcessMemory or WriteProcessMemory request was completed. (0x12B)
[0106/225332.912:ERROR:process_memory_win.cc(73)] ReadMemory at 0x1dfe834000 of 6024 bytes failed: Only part of a ReadProcessMemory or WriteProcessMemory request was completed. (0x12B)
[0106/225332.912:ERROR:process_memory_win.cc(73)] ReadMemory at 0x1dfe836000 of 6024 bytes failed: Only part of a ReadProcessMemory or WriteProcessMemory request was completed. (0x12B)
[0106/225332.912:ERROR:process_memory_win.cc(73)] ReadMemory at 0x1dfe838000 of 6024 bytes failed: Only part of a ReadProcessMemory or WriteProcessMemory request was completed. (0x12B)
[0106/225332.912:ERROR:process_memory_win.cc(73)] ReadMemory at 0x1dfe83c000 of 6024 bytes failed: Only part of a ReadProcessMemory or WriteProcessMemory request was completed. (0x12B)
[0106/225332.912:ERROR:process_memory_win.cc(73)] ReadMemory at 0x1dfe83e000 of 6024 bytes failed: Only part of a ReadProcessMemory or WriteProcessMemory request was completed. (0x12B)
[0106/225332.912:ERROR:process_memory_win.cc(73)] ReadMemory at 0x1dfe840000 of 6024 bytes failed: Only part of a ReadProcessMemory or WriteProcessMemory request was completed. (0x12B)
[0106/225332.912:ERROR:process_memory_win.cc(73)] ReadMemory at 0x1dfe842000 of 6024 bytes failed: Only part of a ReadProcessMemory or WriteProcessMemory request was completed. (0x12B)
[0106/225332.912:ERROR:process_memory_win.cc(73)] ReadMemory at 0x1dfe844000 of 6024 bytes failed: Only part of a ReadProcessMemory or WriteProcessMemory request was completed. (0x12B)
[0106/225332.912:ERROR:process_memory_win.cc(73)] ReadMemory at 0x1dfe848000 of 6024 bytes failed: Only part of a ReadProcessMemory or WriteProcessMemory request was completed. (0x12B)
[0106/225332.912:ERROR:process_memory_win.cc(73)] ReadMemory at 0x1dfe84a000 of 6024 bytes failed: Only part of a ReadProcessMemory or WriteProcessMemory request was completed. (0x12B)
[0106/225332.912:ERROR:process_memory_win.cc(73)] ReadMemory at 0x1f3029d0fe0 of 5746 bytes failed: Only part of a ReadProcessMemory or WriteProcessMemory request was completed. (0x12B)
[0106/225332.912:ERROR:process_memory_win.cc(73)] ReadMemory at 0x1f3029d2660 of 1012 bytes failed: Only part of a ReadProcessMemory or WriteProcessMemory request was completed. (0x12B)
[0106/225332.912:ERROR:process_memory_win.cc(73)] ReadMemory at 0x1f3029d2ca8 of 118 bytes failed: Only part of a ReadProcessMemory or WriteProcessMemory request was completed. (0x12B)
[0106/225332.912:ERROR:process_memory_win.cc(73)] ReadMemory at 0x1f3029d2d20 of 1222 bytes failed: Only part of a ReadProcessMemory or WriteProcessMemory request was completed. (0x12B)
[0106/225332.912:ERROR:process_memory_win.cc(73)] ReadMemory at 0x1f3029d31e8 of 118 bytes failed: Only part of a ReadProcessMemory or WriteProcessMemory request was completed. (0x12B)
[0106/225332.912:ERROR:process_memory_win.cc(73)] ReadMemory at 0x1f3029d3260 of 96 bytes failed: Only part of a ReadProcessMemory or WriteProcessMemory request was completed. (0x12B)
[0106/225332.912:ERROR:process_memory_win.cc(73)] ReadMemory at 0x1f3029d32d0 of 58 bytes failed: Only part of a ReadProcessMemory or WriteProcessMemory request was completed. (0x12B)
[0106/225332.912:ERROR:process_memory_win.cc(73)] ReadMemory at 0x1f3029d33d0 of 132 bytes failed: Only part of a ReadProcessMemory or WriteProcessMemory request was completed. (0x12B)
[0106/225332.912:ERROR:process_memory_win.cc(73)] ReadMemory at 0x1f3029d3560 of 132 bytes failed: Only part of a ReadProcessMemory or WriteProcessMemory request was completed. (0x12B)
[0106/225332.912:ERROR:process_memory_win.cc(73)] ReadMemory at 0x1f3029d3720 of 124 bytes failed: Only part of a ReadProcessMemory or WriteProcessMemory request was completed. (0x12B)
[0106/225332.912:ERROR:process_memory_win.cc(73)] ReadMemory at 0x1f3029d3c20 of 132 bytes failed: Only part of a ReadProcessMemory or WriteProcessMemory request was completed. (0x12B)
[0106/225332.912:ERROR:process_memory_win.cc(73)] ReadMemory at 0x1f3029d3db0 of 64 bytes failed: Only part of a ReadProcessMemory or WriteProcessMemory request was completed. (0x12B)
[0106/225332.912:ERROR:process_memory_win.cc(73)] ReadMemory at 0x1f3029d3f70 of 132 bytes failed: Only part of a ReadProcessMemory or WriteProcessMemory request was completed. (0x12B)
[0106/225332.912:ERROR:process_memory_win.cc(73)] ReadMemory at 0x1f3029d4230 of 132 bytes failed: Only part of a ReadProcessMemory or WriteProcessMemory request was completed. (0x12B)
[0106/225332.912:ERROR:process_memory_win.cc(73)] ReadMemory at 0x1f3029d43c0 of 68 bytes failed: Only part of a ReadProcessMemory or WriteProcessMemory request was completed. (0x12B)
[0106/225332.912:ERROR:process_memory_win.cc(73)] ReadMemory at 0x1f3029d5570 of 132 bytes failed: Only part of a ReadProcessMemory or WriteProcessMemory request was completed. (0x12B)
[0106/225332.912:ERROR:process_memory_win.cc(73)] ReadMemory at 0x1f3029d56a0 of 152 bytes failed: Only part of a ReadProcessMemory or WriteProcessMemory request was completed. (0x12B)
[0106/225332.912:ERROR:process_memory_win.cc(73)] ReadMemory at 0x1f3029d63b0 of 60 bytes failed: Only part of a ReadProcessMemory or WriteProcessMemory request was completed. (0x12B)
[0106/225332.912:ERROR:process_memory_win.cc(73)] ReadMemory at 0x1f3029d6400 of 62 bytes failed: Only part of a ReadProcessMemory or WriteProcessMemory request was completed. (0x12B)
[0106/225332.912:ERROR:process_memory_win.cc(73)] ReadMemory at 0x1f3029d65f0 of 132 bytes failed: Only part of a ReadProcessMemory or WriteProcessMemory request was completed. (0x12B)
[0106/225332.912:ERROR:process_memory_win.cc(73)] ReadMemory at 0x1f3029dbb00 of 60 bytes failed: Only part of a ReadProcessMemory or WriteProcessMemory request was completed. (0x12B)
[0106/225332.912:ERROR:process_memory_win.cc(73)] ReadMemory at 0x1f3029dfc80 of 80 bytes failed: Only part of a ReadProcessMemory or WriteProcessMemory request was completed. (0x12B)
[0106/225332.912:ERROR:process_memory_win.cc(73)] ReadMemory at 0x1f3029e47c0 of 132 bytes failed: Only part of a ReadProcessMemory or WriteProcessMemory request was completed. (0x12B)
[0106/225332.912:ERROR:process_memory_win.cc(73)] ReadMemory at 0x1f3029e4eb0 of 132 bytes failed: Only part of a ReadProcessMemory or WriteProcessMemory request was completed. (0x12B)
[0106/225332.912:ERROR:process_memory_win.cc(73)] ReadMemory at 0x1f3029e58d0 of 132 bytes failed: Only part of a ReadProcessMemory or WriteProcessMemory request was completed. (0x12B)
[0106/225332.912:ERROR:process_memory_win.cc(73)] ReadMemory at 0x1f3029e6ba0 of 132 bytes failed: Only part of a ReadProcessMemory or WriteProcessMemory request was completed. (0x12B)
[0106/225332.912:ERROR:process_memory_win.cc(73)] ReadMemory at 0x1f3029e6cd0 of 132 bytes failed: Only part of a ReadProcessMemory or WriteProcessMemory request was completed. (0x12B)
[0106/225332.912:ERROR:process_memory_win.cc(73)] ReadMemory at 0x1f3029e6e00 of 132 bytes failed: Only part of a ReadProcessMemory or WriteProcessMemory request was completed. (0x12B)
[0106/225332.912:ERROR:process_memory_win.cc(73)] ReadMemory at 0x1f3029e6f30 of 132 bytes failed: Only part of a ReadProcessMemory or WriteProcessMemory request was completed. (0x12B)
[0106/225332.912:ERROR:process_memory_win.cc(73)] ReadMemory at 0x1f3029e7060 of 132 bytes failed: Only part of a ReadProcessMemory or WriteProcessMemory request was completed. (0x12B)
[0106/225332.912:ERROR:process_memory_win.cc(73)] ReadMemory at 0x1f3029e7190 of 132 bytes failed: Only part of a ReadProcessMemory or WriteProcessMemory request was completed. (0x12B)
[0106/225332.912:ERROR:process_memory_win.cc(73)] ReadMemory at 0x1f3029e72c0 of 132 bytes failed: Only part of a ReadProcessMemory or WriteProcessMemory request was completed. (0x12B)
[0106/225332.912:ERROR:process_memory_win.cc(73)] ReadMemory at 0x1f3029e73f0 of 132 bytes failed: Only part of a ReadProcessMemory or WriteProcessMemory request was completed. (0x12B)
[0106/225332.916:ERROR:process_memory_win.cc(73)] ReadMemory at 0x1f3029e7520 of 132 bytes failed: Only part of a ReadProcessMemory or WriteProcessMemory request was completed. (0x12B)
[0106/225332.916:ERROR:process_memory_win.cc(73)] ReadMemory at 0x1f3029e7650 of 132 bytes failed: Only part of a ReadProcessMemory or WriteProcessMemory request was completed. (0x12B)
[0106/225332.916:ERROR:process_memory_win.cc(73)] ReadMemory at 0x1f3029e7780 of 132 bytes failed: Only part of a ReadProcessMemory or WriteProcessMemory request was completed. (0x12B)
[0106/225332.916:ERROR:process_memory_win.cc(73)] ReadMemory at 0x1f3029e78b0 of 132 bytes failed: Only part of a ReadProcessMemory or WriteProcessMemory request was completed. (0x12B)
[0106/225332.916:ERROR:process_memory_win.cc(73)] ReadMemory at 0x1f3029e79e0 of 132 bytes failed: Only part of a ReadProcessMemory or WriteProcessMemory request was completed. (0x12B)
[0106/225332.916:ERROR:process_memory_win.cc(73)] ReadMemory at 0x1f3029e9750 of 132 bytes failed: Only part of a ReadProcessMemory or WriteProcessMemory request was completed. (0x12B)
[0106/225332.916:ERROR:process_memory_win.cc(73)] ReadMemory at 0x1f3029ebb50 of 64 bytes failed: Only part of a ReadProcessMemory or WriteProcessMemory request was completed. (0x12B)
[0106/225332.916:ERROR:process_memory_win.cc(73)] ReadMemory at 0x1f3029ebba0 of 62 bytes failed: Only part of a ReadProcessMemory or WriteProcessMemory request was completed. (0x12B)
[0106/225332.916:ERROR:process_memory_win.cc(73)] ReadMemory at 0x1f3029ebc40 of 58 bytes failed: Only part of a ReadProcessMemory or WriteProcessMemory request was completed. (0x12B)
[0106/225332.916:ERROR:process_memory_win.cc(73)] ReadMemory at 0x1f3029ebce0 of 62 bytes failed: Only part of a ReadProcessMemory or WriteProcessMemory request was completed. (0x12B)
[0106/225332.916:ERROR:process_memory_win.cc(73)] ReadMemory at 0x1f3029ebd80 of 64 bytes failed: Only part of a ReadProcessMemory or WriteProcessMemory request was completed. (0x12B)
[0106/225332.916:ERROR:process_memory_win.cc(73)] ReadMemory at 0x1f3029ebdd0 of 66 bytes failed: Only part of a ReadProcessMemory or WriteProcessMemory request was completed. (0x12B)
[0106/225332.916:ERROR:process_memory_win.cc(73)] ReadMemory at 0x1f3029ebe70 of 62 bytes failed: Only part of a ReadProcessMemory or WriteProcessMemory request was completed. (0x12B)
[0106/225332.916:ERROR:process_memory_win.cc(73)] ReadMemory at 0x1f3029ebfb0 of 60 bytes failed: Only part of a ReadProcessMemory or WriteProcessMemory request was completed. (0x12B)
[0106/225332.916:ERROR:process_memory_win.cc(73)] ReadMemory at 0x1f3029ec140 of 62 bytes failed: Only part of a ReadProcessMemory or WriteProcessMemory request was completed. (0x12B)
[0106/225332.916:ERROR:process_memory_win.cc(73)] ReadMemory at 0x1f3029ec190 of 62 bytes failed: Only part of a ReadProcessMemory or WriteProcessMemory request was completed. (0x12B)
[0106/225332.916:ERROR:process_memory_win.cc(73)] ReadMemory at 0x1f3029ec280 of 64 bytes failed: Only part of a ReadProcessMemory or WriteProcessMemory request was completed. (0x12B)
[0106/225332.917:ERROR:process_memory_win.cc(73)] ReadMemory at 0x1f3029ec320 of 64 bytes failed: Only part of a ReadProcessMemory or WriteProcessMemory request was completed. (0x12B)
[0106/225332.917:ERROR:process_memory_win.cc(73)] ReadMemory at 0x1f3029ec3c0 of 60 bytes failed: Only part of a ReadProcessMemory or WriteProcessMemory request was completed. (0x12B)
[0106/225332.917:ERROR:process_memory_win.cc(73)] ReadMemory at 0x1f3029ec460 of 62 bytes failed: Only part of a ReadProcessMemory or WriteProcessMemory request was completed. (0x12B)
[0106/225332.917:ERROR:process_memory_win.cc(73)] ReadMemory at 0x1f3029ec550 of 60 bytes failed: Only part of a ReadProcessMemory or WriteProcessMemory request was completed. (0x12B)
[0106/225332.917:ERROR:process_memory_win.cc(73)] ReadMemory at 0x1f3029ec5f0 of 62 bytes failed: Only part of a ReadProcessMemory or WriteProcessMemory request was completed. (0x12B)
[0106/225332.917:ERROR:process_memory_win.cc(73)] ReadMemory at 0x1f3029ec6e0 of 64 bytes failed: Only part of a ReadProcessMemory or WriteProcessMemory request was completed. (0x12B)
[0106/225332.917:ERROR:process_memory_win.cc(73)] ReadMemory at 0x1f3029ec780 of 62 bytes failed: Only part of a ReadProcessMemory or WriteProcessMemory request was completed. (0x12B)
[0106/225332.917:ERROR:process_memory_win.cc(73)] ReadMemory at 0x1f3029ec820 of 62 bytes failed: Only part of a ReadProcessMemory or WriteProcessMemory request was completed. (0x12B)
[0106/225332.917:ERROR:process_memory_win.cc(73)] ReadMemory at 0x1f3029ec8c0 of 64 bytes failed: Only part of a ReadProcessMemory or WriteProcessMemory request was completed. (0x12B)
[0106/225332.917:ERROR:process_memory_win.cc(73)] ReadMemory at 0x1f3029eca50 of 64 bytes failed: Only part of a ReadProcessMemory or WriteProcessMemory request was completed. (0x12B)
[0106/225332.917:ERROR:process_memory_win.cc(73)] ReadMemory at 0x1f3029eebe0 of 144 bytes failed: Only part of a ReadProcessMemory or WriteProcessMemory request was completed. (0x12B)
[0106/225332.917:ERROR:process_memory_win.cc(73)] ReadMemory at 0x1f3029f12a0 of 132 bytes failed: Only part of a ReadProcessMemory or WriteProcessMemory request was completed. (0x12B)
[0106/225332.917:ERROR:process_memory_win.cc(73)] ReadMemory at 0x1f3029f14b0 of 132 bytes failed: Only part of a ReadProcessMemory or WriteProcessMemory request was completed. (0x12B)
[0106/225332.917:ERROR:process_memory_win.cc(73)] ReadMemory at 0x1f3029f17d0 of 132 bytes failed: Only part of a ReadProcessMemory or WriteProcessMemory request was completed. (0x12B)
[0106/225332.917:ERROR:process_memory_win.cc(73)] ReadMemory at 0x1f3029f19f0 of 132 bytes failed: Only part of a ReadProcessMemory or WriteProcessMemory request was completed. (0x12B)
[0106/225332.917:ERROR:process_memory_win.cc(73)] ReadMemory at 0x1f3029f1d40 of 132 bytes failed: Only part of a ReadProcessMemory or WriteProcessMemory request was completed. (0x12B)
[0106/225332.918:ERROR:process_memory_win.cc(73)] ReadMemory at 0x1f3029f3600 of 80 bytes failed: Only part of a ReadProcessMemory or WriteProcessMemory request was completed. (0x12B)
[0106/225332.918:ERROR:process_memory_win.cc(73)] ReadMemory at 0x1f3029f3fb0 of 132 bytes failed: Only part of a ReadProcessMemory or WriteProcessMemory request was completed. (0x12B)
[0106/225332.918:ERROR:process_memory_win.cc(73)] ReadMemory at 0x1f3029f4340 of 132 bytes failed: Only part of a ReadProcessMemory or WriteProcessMemory request was completed. (0x12B)
[0106/225332.918:ERROR:process_memory_win.cc(73)] ReadMemory at 0x1f3029f4470 of 132 bytes failed: Only part of a ReadProcessMemory or WriteProcessMemory request was completed. (0x12B)
[0106/225332.918:ERROR:process_memory_win.cc(73)] ReadMemory at 0x1f3029f45a0 of 132 bytes failed: Only part of a ReadProcessMemory or WriteProcessMemory request was completed. (0x12B)
[0106/225332.918:ERROR:process_memory_win.cc(73)] ReadMemory at 0x1f3029f4930 of 132 bytes failed: Only part of a ReadProcessMemory or WriteProcessMemory request was completed. (0x12B)
[0106/225332.918:ERROR:process_memory_win.cc(73)] ReadMemory at 0x1f3029f4a60 of 132 bytes failed: Only part of a ReadProcessMemory or WriteProcessMemory request was completed. (0x12B)
[0106/225332.918:ERROR:process_memory_win.cc(73)] ReadMemory at 0x1f3029f4b90 of 132 bytes failed: Only part of a ReadProcessMemory or WriteProcessMemory request was completed. (0x12B)
[0106/225332.918:ERROR:process_memory_win.cc(73)] ReadMemory at 0x1f3029f4cc0 of 132 bytes failed: Only part of a ReadProcessMemory or WriteProcessMemory request was completed. (0x12B)
[0106/225332.918:ERROR:process_memory_win.cc(73)] ReadMemory at 0x1f3029f5180 of 132 bytes failed: Only part of a ReadProcessMemory or WriteProcessMemory request was completed. (0x12B)
[0106/225332.918:ERROR:process_memory_win.cc(73)] ReadMemory at 0x1f3029f52b0 of 132 bytes failed: Only part of a ReadProcessMemory or WriteProcessMemory request was completed. (0x12B)
[0106/225332.918:ERROR:process_memory_win.cc(73)] ReadMemory at 0x1f3029f53e0 of 132 bytes failed: Only part of a ReadProcessMemory or WriteProcessMemory request was completed. (0x12B)
[0106/225332.918:ERROR:process_memory_win.cc(73)] ReadMemory at 0x1f3029f5510 of 132 bytes failed: Only part of a ReadProcessMemory or WriteProcessMemory request was completed. (0x12B)
[0106/225332.918:ERROR:process_memory_win.cc(73)] ReadMemory at 0x1f3029f58a0 of 132 bytes failed: Only part of a ReadProcessMemory or WriteProcessMemory request was completed. (0x12B)
[0106/225332.918:ERROR:process_memory_win.cc(73)] ReadMemory at 0x1f3029f59d0 of 132 bytes failed: Only part of a ReadProcessMemory or WriteProcessMemory request was completed. (0x12B)
[0106/225332.918:ERROR:process_memory_win.cc(73)] ReadMemory at 0x1f302a15700 of 58 bytes failed: Only part of a ReadProcessMemory or WriteProcessMemory request was completed. (0x12B)
[0106/225332.918:ERROR:process_memory_win.cc(73)] ReadMemory at 0x1f302a15750 of 56 bytes failed: Only part of a ReadProcessMemory or WriteProcessMemory request was completed. (0x12B)
[0106/225332.918:ERROR:process_memory_win.cc(73)] ReadMemory at 0x1f302a159d0 of 60 bytes failed: Only part of a ReadProcessMemory or WriteProcessMemory request was completed. (0x12B)
[0106/225332.919:ERROR:process_memory_win.cc(73)] ReadMemory at 0x1f302a15b60 of 58 bytes failed: Only part of a ReadProcessMemory or WriteProcessMemory request was completed. (0x12B)
[0106/225332.919:ERROR:process_memory_win.cc(73)] ReadMemory at 0x1f302a15d40 of 62 bytes failed: Only part of a ReadProcessMemory or WriteProcessMemory request was completed. (0x12B)
[0106/225332.919:ERROR:process_memory_win.cc(73)] ReadMemory at 0x1f302a15d90 of 60 bytes failed: Only part of a ReadProcessMemory or WriteProcessMemory request was completed. (0x12B)
[0106/225332.919:ERROR:process_memory_win.cc(73)] ReadMemory at 0x1f302a15fc0 of 60 bytes failed: Only part of a ReadProcessMemory or WriteProcessMemory request was completed. (0x12B)
[0106/225332.919:ERROR:process_memory_win.cc(73)] ReadMemory at 0x1f302a16010 of 62 bytes failed: Only part of a ReadProcessMemory or WriteProcessMemory request was completed. (0x12B)
[0106/225332.919:ERROR:process_memory_win.cc(73)] ReadMemory at 0x1f302a16290 of 62 bytes failed: Only part of a ReadProcessMemory or WriteProcessMemory request was completed. (0x12B)
[0106/225332.919:ERROR:process_memory_win.cc(73)] ReadMemory at 0x1f302a16420 of 66 bytes failed: Only part of a ReadProcessMemory or WriteProcessMemory request was completed. (0x12B)
[0106/225332.919:ERROR:process_memory_win.cc(73)] ReadMemory at 0x1f302a2bf30 of 78 bytes failed: Only part of a ReadProcessMemory or WriteProcessMemory request was completed. (0x12B)
[0106/225332.919:ERROR:process_memory_win.cc(73)] ReadMemory at 0x1f302a36e10 of 512 bytes failed: Only part of a ReadProcessMemory or WriteProcessMemory request was completed. (0x12B)
[0106/225332.919:ERROR:process_memory_win.cc(73)] ReadMemory at 0x1f302a3b3c0 of 512 bytes failed: Only part of a ReadProcessMemory or WriteProcessMemory request was completed. (0x12B)
[0106/225332.919:ERROR:process_memory_win.cc(73)] ReadMemory at 0x1f302a4e450 of 768 bytes failed: Only part of a ReadProcessMemory or WriteProcessMemory request was completed. (0x12B)
[0106/225332.919:ERROR:process_memory_win.cc(73)] ReadMemory at 0x1f302a580e0 of 512 bytes failed: Only part of a ReadProcessMemory or WriteProcessMemory request was completed. (0x12B)
[0106/225332.919:ERROR:process_memory_win.cc(73)] ReadMemory at 0x1f302a591b8 of 512 bytes failed: Only part of a ReadProcessMemory or WriteProcessMemory request was completed. (0x12B)
[0106/225332.919:ERROR:process_memory_win.cc(73)] ReadMemory at 0x1f302a5eac0 of 712 bytes failed: Only part of a ReadProcessMemory or WriteProcessMemory request was completed. (0x12B)
[0106/225332.919:ERROR:process_memory_win.cc(73)] ReadMemory at 0x1f302a848a0 of 512 bytes failed: Only part of a ReadProcessMemory or WriteProcessMemory request was completed. (0x12B)
[0106/225332.919:ERROR:process_memory_win.cc(73)] ReadMemory at 0x1f302a97710 of 512 bytes failed: Only part of a ReadProcessMemory or WriteProcessMemory request was completed. (0x12B)
[0106/225332.919:ERROR:process_memory_win.cc(73)] ReadMemory at 0x1f302a9ed70 of 512 bytes failed: Only part of a ReadProcessMemory or WriteProcessMemory request was completed. (0x12B)
[0106/225332.919:ERROR:process_memory_win.cc(73)] ReadMemory at 0x1f302a9f540 of 512 bytes failed: Only part of a ReadProcessMemory or WriteProcessMemory request was completed. (0x12B)
[0106/225332.919:ERROR:process_memory_win.cc(73)] ReadMemory at 0x1f302ab8f30 of 512 bytes failed: Only part of a ReadProcessMemory or WriteProcessMemory request was completed. (0x12B)
[0106/225332.919:ERROR:process_memory_win.cc(73)] ReadMemory at 0x1f302abd7a0 of 512 bytes failed: Only part of a ReadProcessMemory or WriteProcessMemory request was completed. (0x12B)
[0106/225332.919:ERROR:process_memory_win.cc(73)] ReadMemory at 0x1f302bf1cc0 of 512 bytes failed: Only part of a ReadProcessMemory or WriteProcessMemory request was completed. (0x12B)
[0106/225332.919:ERROR:process_memory_win.cc(73)] ReadMemory at 0x1f304841a00 of 512 bytes failed: Only part of a ReadProcessMemory or WriteProcessMemory request was completed. (0x12B)
[0106/225332.919:ERROR:process_memory_win.cc(73)] ReadMemory at 0x1f304857ae0 of 512 bytes failed: Only part of a ReadProcessMemory or WriteProcessMemory request was completed. (0x12B)
[0106/225332.919:ERROR:process_memory_win.cc(73)] ReadMemory at 0x1f304c65f90 of 512 bytes failed: Only part of a ReadProcessMemory or WriteProcessMemory request was completed. (0x12B)
[0106/225332.919:ERROR:process_memory_win.cc(73)] ReadMemory at 0x1f304cde468 of 512 bytes failed: Only part of a ReadProcessMemory or WriteProcessMemory request was completed. (0x12B)
[0106/225332.919:ERROR:process_memory_win.cc(73)] ReadMemory at 0x1f304d1dd80 of 512 bytes failed: Only part of a ReadProcessMemory or WriteProcessMemory request was completed. (0x12B)
[0106/225332.919:ERROR:process_memory_win.cc(73)] ReadMemory at 0x1f30511cd78 of 512 bytes failed: Only part of a ReadProcessMemory or WriteProcessMemory request was completed. (0x12B)
[0106/225332.919:ERROR:process_memory_win.cc(73)] ReadMemory at 0x1f3051e1c80 of 512 bytes failed: Only part of a ReadProcessMemory or WriteProcessMemory request was completed. (0x12B)
[0106/225332.919:ERROR:process_memory_win.cc(73)] ReadMemory at 0x1f30522e620 of 514 bytes failed: Only part of a ReadProcessMemory or WriteProcessMemory request was completed. (0x12B)
[0106/225332.919:ERROR:process_memory_win.cc(73)] ReadMemory at 0x1f305262540 of 512 bytes failed: Only part of a ReadProcessMemory or WriteProcessMemory request was completed. (0x12B)
[0106/225332.919:ERROR:process_memory_win.cc(73)] ReadMemory at 0x1f30607cef0 of 512 bytes failed: Only part of a ReadProcessMemory or WriteProcessMemory request was completed. (0x12B)
[0106/225332.919:ERROR:process_memory_win.cc(73)] ReadMemory at 0x1f306124150 of 512 bytes failed: Only part of a ReadProcessMemory or WriteProcessMemory request was completed. (0x12B)
[0106/225332.919:ERROR:process_memory_win.cc(73)] ReadMemory at 0x7ffedfe5b63f of 512 bytes failed: Only part of a ReadProcessMemory or WriteProcessMemory request was completed. (0x12B)
[0106/225332.919:ERROR:process_memory_win.cc(73)] ReadMemory at 0x7ffee1c2512a of 512 bytes failed: Only part of a ReadProcessMemory or WriteProcessMemory request was completed. (0x12B)
[0106/225332.919:ERROR:process_memory_win.cc(73)] ReadMemory at 0x7ffee7c04eb0 of 512 bytes failed: Only part of a ReadProcessMemory or WriteProcessMemory request was completed. (0x12B)
[0106/225332.919:ERROR:process_memory_win.cc(73)] ReadMemory at 0x7fff618cd6d9 of 512 bytes failed: Only part of a ReadProcessMemory or WriteProcessMemory request was completed. (0x12B)
[0106/225332.919:ERROR:process_memory_win.cc(73)] ReadMemory at 0x7fff61b2e748 of 512 bytes failed: Only part of a ReadProcessMemory or WriteProcessMemory request was completed. (0x12B)
[0106/225332.919:ERROR:process_memory_win.cc(73)] ReadMemory at 0x7fff634c4a50 of 512 bytes failed: Only part of a ReadProcessMemory or WriteProcessMemory request was completed. (0x12B)
[0106/225332.919:ERROR:process_memory_win.cc(73)] ReadMemory at 0x7fff63d6bfb4 of 672 bytes failed: Only part of a ReadProcessMemory or WriteProcessMemory request was completed. (0x12B)
[0106/225332.919:ERROR:process_memory_win.cc(73)] ReadMemory at 0x7fff63d6c5b4 of 512 bytes failed: Only part of a ReadProcessMemory or WriteProcessMemory request was completed. (0x12B)
[0106/225332.919:ERROR:process_memory_win.cc(73)] ReadMemory at 0x7fff63d6f924 of 608 bytes failed: Only part of a ReadProcessMemory or WriteProcessMemory request was completed. (0x12B)
[0106/225332.919:ERROR:process_memory_win.cc(73)] ReadMemory at 0x7fff63e00a00 of 18 bytes failed: Only part of a ReadProcessMemory or WriteProcessMemory request was completed. (0x12B)
[0106/225332.919:ERROR:process_memory_win.cc(73)] ReadMemory at 0x7fff63e354f8 of 40 bytes failed: Only part of a ReadProcessMemory or WriteProcessMemory request was completed. (0x12B)
[0106/225332.919:ERROR:process_memory_win.cc(73)] ReadMemory at 0x7fff63e35978 of 48 bytes failed: Only part of a ReadProcessMemory or WriteProcessMemory request was completed. (0x12B)
[0106/225332.919:ERROR:process_memory_win.cc(73)] ReadMemory at 0x7fff63e3b4c0 of 64 bytes failed: Only part of a ReadProcessMemory or WriteProcessMemory request was completed. (0x12B)
[0106/225332.922:ERROR:scoped_process_suspend.cc(40)] NtResumeProcess: An attempt was made to access an exiting process. (0xc000010a)
[0106/225332.923:ERROR:filesystem_win.cc(129)] GetFileAttributes C:\Users\kenne\AppData\Local\Temp\scoped_dir17024_1124745682\Crashpad\attachments\1da92384-690c-471a-9c8f-f063d3185980: The system cannot find the path specified. (0x3)
[0107/171057.641:ERROR:directory_reader_win.cc(43)] FindFirstFile: The system cannot find the path specified. (0x3)
[0126/141828.405:ERROR:directory_reader_win.cc(43)] FindFirstFile: The system cannot find the path specified. (0x3)
